[INFO] Scanning for projects...
[INFO] 
[INFO] ---------------------< com.huerta:orders-service >----------------------
[INFO] Building orders-service 1.0.0
[INFO]   from pom.xml
[INFO] --------------------------------[ jar ]---------------------------------
[INFO] 
[INFO] >>> spring-boot:3.4.4:run (default-cli) > test-compile @ orders-service >>>
[INFO] 
[INFO] --- resources:3.3.1:resources (default-resources) @ orders-service ---
[INFO] Copying 1 resource from src/main/resources to target/classes
[INFO] Copying 0 resource from src/main/resources to target/classes
[INFO] 
[INFO] --- compiler:3.13.0:compile (default-compile) @ orders-service ---
[INFO] Nothing to compile - all classes are up to date.
[INFO] 
[INFO] --- resources:3.3.1:testResources (default-testResources) @ orders-service ---
[INFO] skip non existing resourceDirectory /home/huertaubuntupc/projects/spring/kafka/saga-pattern/practice-3/saga-pattern-spring-boot-demo/orders-service/src/test/resources
[INFO] 
[INFO] --- compiler:3.13.0:testCompile (default-testCompile) @ orders-service ---
[INFO] Nothing to compile - all classes are up to date.
[INFO] 
[INFO] <<< spring-boot:3.4.4:run (default-cli) < test-compile @ orders-service <<<
[INFO] 
[INFO] 
[INFO] --- spring-boot:3.4.4:run (default-cli) @ orders-service ---
[INFO] Attaching agents: []

  .   ____          _            __ _ _
 /\\ / ___'_ __ _ _(_)_ __  __ _ \ \ \ \
( ( )\___ | '_ | '_| | '_ \/ _` | \ \ \ \
 \\/  ___)| |_)| | | | | || (_| |  ) ) ) )
  '  |____| .__|_| |_|_| |_\__, | / / / /
 =========|_|==============|___/=/_/_/_/

 :: Spring Boot ::                (v3.4.4)

2025-04-23T10:58:48.070-06:00  INFO 68038 --- [orders] [           main] com.huerta.orders.OrdersApplication      : Starting OrdersApplication using Java 21.0.7 with PID 68038 (/home/huertaubuntupc/projects/spring/kafka/saga-pattern/practice-3/saga-pattern-spring-boot-demo/orders-service/target/classes started by huertaubuntupc in /home/huertaubuntupc/projects/spring/kafka/saga-pattern/practice-3/saga-pattern-spring-boot-demo/orders-service)
2025-04-23T10:58:48.071-06:00  INFO 68038 --- [orders] [           main] com.huerta.orders.OrdersApplication      : No active profile set, falling back to 1 default profile: "default"
2025-04-23T10:58:48.617-06:00  INFO 68038 --- [orders] [           main] o.s.b.w.embedded.tomcat.TomcatWebServer  : Tomcat initialized with port 8081 (http)
2025-04-23T10:58:48.628-06:00  INFO 68038 --- [orders] [           main] o.apache.catalina.core.StandardService   : Starting service [Tomcat]
2025-04-23T10:58:48.629-06:00  INFO 68038 --- [orders] [           main] o.apache.catalina.core.StandardEngine    : Starting Servlet engine: [Apache Tomcat/10.1.39]
2025-04-23T10:58:48.666-06:00  INFO 68038 --- [orders] [           main] o.a.c.c.C.[Tomcat].[localhost].[/]       : Initializing Spring embedded WebApplicationContext
2025-04-23T10:58:48.667-06:00  INFO 68038 --- [orders] [           main] w.s.c.ServletWebServerApplicationContext : Root WebApplicationContext: initialization completed in 567 ms
2025-04-23T10:58:48.943-06:00  INFO 68038 --- [orders] [           main] o.s.b.w.embedded.tomcat.TomcatWebServer  : Tomcat started on port 8081 (http) with context path '/'
2025-04-23T10:58:48.952-06:00  INFO 68038 --- [orders] [           main] com.huerta.orders.OrdersApplication      : Started OrdersApplication in 1.128 seconds (process running for 1.312)
